nohup: ignoring input
Server running on http://localhost:3005
Connected to MySQL.
Incoming request: POST /saveOrder {
  items: [
    'Wicklow Wolf Elevation - €7.00',
    'Heineken - €6.15',
    'Porterhouse Brewing - €7.35',
    'Kilkenny - €6.40'
  ],
  total: '26.90',
  timestamp: '2024-11-28T18:36:09.480Z',
  paymentMethod: 'card',
  serverName: 'Server Name',
  pubName: 'Your Pub Name',
  address: 'Your Pub Address',
  date: 'Nov 28, 2024',
  time: '03:36:09 PM'
}
Received Order Data: {
  items: [
    'Wicklow Wolf Elevation - €7.00',
    'Heineken - €6.15',
    'Porterhouse Brewing - €7.35',
    'Kilkenny - €6.40'
  ],
  total: '26.90',
  timestamp: '2024-11-28T18:36:09.480Z',
  paymentMethod: 'card',
  serverName: 'Server Name',
  pubName: 'Your Pub Name',
  address: 'Your Pub Address',
  date: 'Nov 28, 2024',
  time: '03:36:09 PM'
}
Order saved successfully: {
  items: [
    'Wicklow Wolf Elevation - €7.00',
    'Heineken - €6.15',
    'Porterhouse Brewing - €7.35',
    'Kilkenny - €6.40'
  ],
  total: '26.90',
  timestamp: '2024-11-28T18:36:09.480Z',
  paymentMethod: 'card',
  serverName: 'Server Name',
  pubName: 'Your Pub Name',
  address: 'Your Pub Address',
  date: 'Nov 28, 2024',
  time: '03:36:09 PM',
  orderId: 'ORDER-1006'
}
Incoming request: POST /saveOrder {
  items: [
    'Wicklow Wolf Elevation - €7.00',
    'BrewDog Punk IPA - €7.25',
    'Five Lamps - €7.10',
    "Rosie's - €6.85"
  ],
  total: '28.20',
  timestamp: '2024-11-28T18:38:21.459Z',
  paymentMethod: 'card',
  serverName: 'Server Name',
  pubName: 'Your Pub Name',
  address: 'Your Pub Address',
  date: 'Nov 28, 2024',
  time: '03:38:21 PM'
}
Received Order Data: {
  items: [
    'Wicklow Wolf Elevation - €7.00',
    'BrewDog Punk IPA - €7.25',
    'Five Lamps - €7.10',
    "Rosie's - €6.85"
  ],
  total: '28.20',
  timestamp: '2024-11-28T18:38:21.459Z',
  paymentMethod: 'card',
  serverName: 'Server Name',
  pubName: 'Your Pub Name',
  address: 'Your Pub Address',
  date: 'Nov 28, 2024',
  time: '03:38:21 PM'
}
Order saved successfully: {
  items: [
    'Wicklow Wolf Elevation - €7.00',
    'BrewDog Punk IPA - €7.25',
    'Five Lamps - €7.10',
    "Rosie's - €6.85"
  ],
  total: '28.20',
  timestamp: '2024-11-28T18:38:21.459Z',
  paymentMethod: 'card',
  serverName: 'Server Name',
  pubName: 'Your Pub Name',
  address: 'Your Pub Address',
  date: 'Nov 28, 2024',
  time: '03:38:21 PM',
  orderId: 'ORDER-1007'
}
Incoming request: POST /saveOrder {
  items: [
    'Harp Lager - €6.25',
    'Wicklow Wolf Elevation - €7.00',
    'Five Lamps - €7.10',
    'Wicklow Wolf Elevation - €7.00',
    'Kilkenny - €6.40'
  ],
  total: '33.75',
  timestamp: '2024-11-28T18:39:24.520Z',
  paymentMethod: 'card',
  serverName: 'Server Name',
  pubName: 'Your Pub Name',
  address: 'Your Pub Address',
  date: 'Nov 28, 2024',
  time: '03:39:24 PM'
}
Received Order Data: {
  items: [
    'Harp Lager - €6.25',
    'Wicklow Wolf Elevation - €7.00',
    'Five Lamps - €7.10',
    'Wicklow Wolf Elevation - €7.00',
    'Kilkenny - €6.40'
  ],
  total: '33.75',
  timestamp: '2024-11-28T18:39:24.520Z',
  paymentMethod: 'card',
  serverName: 'Server Name',
  pubName: 'Your Pub Name',
  address: 'Your Pub Address',
  date: 'Nov 28, 2024',
  time: '03:39:24 PM'
}
Order saved successfully: {
  items: [
    'Harp Lager - €6.25',
    'Wicklow Wolf Elevation - €7.00',
    'Five Lamps - €7.10',
    'Wicklow Wolf Elevation - €7.00',
    'Kilkenny - €6.40'
  ],
  total: '33.75',
  timestamp: '2024-11-28T18:39:24.520Z',
  paymentMethod: 'card',
  serverName: 'Server Name',
  pubName: 'Your Pub Name',
  address: 'Your Pub Address',
  date: 'Nov 28, 2024',
  time: '03:39:24 PM',
  orderId: 'ORDER-1008'
}
Incoming request: POST /saveOrder {
  items: [
    'Heineken - €6.15',
    "O'Hara's Irish - €6.95",
    'Heineken - €6.15',
    "O'Hara's Irish - €6.95",
    'Wicklow Wolf Elevation - €7.00',
    "O'Hara's Irish - €6.95"
  ],
  total: '40.15',
  timestamp: '2024-11-28T18:42:46.046Z',
  paymentMethod: 'card',
  serverName: 'Server Name',
  pubName: 'Your Pub Name',
  address: 'Your Pub Address',
  date: 'Nov 28, 2024',
  time: '03:42:46 PM'
}
Received Order Data: {
  items: [
    'Heineken - €6.15',
    "O'Hara's Irish - €6.95",
    'Heineken - €6.15',
    "O'Hara's Irish - €6.95",
    'Wicklow Wolf Elevation - €7.00',
    "O'Hara's Irish - €6.95"
  ],
  total: '40.15',
  timestamp: '2024-11-28T18:42:46.046Z',
  paymentMethod: 'card',
  serverName: 'Server Name',
  pubName: 'Your Pub Name',
  address: 'Your Pub Address',
  date: 'Nov 28, 2024',
  time: '03:42:46 PM'
}
Order saved successfully: {
  items: [
    'Heineken - €6.15',
    "O'Hara's Irish - €6.95",
    'Heineken - €6.15',
    "O'Hara's Irish - €6.95",
    'Wicklow Wolf Elevation - €7.00',
    "O'Hara's Irish - €6.95"
  ],
  total: '40.15',
  timestamp: '2024-11-28T18:42:46.046Z',
  paymentMethod: 'card',
  serverName: 'Server Name',
  pubName: 'Your Pub Name',
  address: 'Your Pub Address',
  date: 'Nov 28, 2024',
  time: '03:42:46 PM',
  orderId: 'ORDER-1009'
}
Incoming request: POST /saveOrder {
  items: [
    'Heineken - €6.15',
    "O'Hara's Irish - €6.95",
    'Heineken - €6.15',
    "O'Hara's Irish - €6.95",
    'Wicklow Wolf Elevation - €7.00',
    "O'Hara's Irish - €6.95"
  ],
  total: '40.15',
  timestamp: '2024-11-28T18:48:23.003Z',
  paymentMethod: 'card',
  serverName: 'Server Name',
  pubName: 'Your Pub Name',
  address: 'Your Pub Address',
  date: 'Nov 28, 2024',
  time: '03:48:23 PM'
}
Received Order Data: {
  items: [
    'Heineken - €6.15',
    "O'Hara's Irish - €6.95",
    'Heineken - €6.15',
    "O'Hara's Irish - €6.95",
    'Wicklow Wolf Elevation - €7.00',
    "O'Hara's Irish - €6.95"
  ],
  total: '40.15',
  timestamp: '2024-11-28T18:48:23.003Z',
  paymentMethod: 'card',
  serverName: 'Server Name',
  pubName: 'Your Pub Name',
  address: 'Your Pub Address',
  date: 'Nov 28, 2024',
  time: '03:48:23 PM'
}
Order saved successfully: {
  items: [
    'Heineken - €6.15',
    "O'Hara's Irish - €6.95",
    'Heineken - €6.15',
    "O'Hara's Irish - €6.95",
    'Wicklow Wolf Elevation - €7.00',
    "O'Hara's Irish - €6.95"
  ],
  total: '40.15',
  timestamp: '2024-11-28T18:48:23.003Z',
  paymentMethod: 'card',
  serverName: 'Server Name',
  pubName: 'Your Pub Name',
  address: 'Your Pub Address',
  date: 'Nov 28, 2024',
  time: '03:48:23 PM',
  orderId: 'ORDER-1010'
}
Incoming request: POST /saveOrder {
  items: [
    "O'Hara's Irish - €6.95",
    'Porterhouse Brewing - €7.35',
    'Harp Lager - €6.25',
    'Harp Lager - €6.25'
  ],
  total: '26.80',
  timestamp: '2024-11-28T18:50:38.434Z',
  paymentMethod: 'card',
  serverName: 'Server Name',
  pubName: 'Your Pub Name',
  address: 'Your Pub Address',
  date: 'Nov 28, 2024',
  time: '03:50:38 PM'
}
Received Order Data: {
  items: [
    "O'Hara's Irish - €6.95",
    'Porterhouse Brewing - €7.35',
    'Harp Lager - €6.25',
    'Harp Lager - €6.25'
  ],
  total: '26.80',
  timestamp: '2024-11-28T18:50:38.434Z',
  paymentMethod: 'card',
  serverName: 'Server Name',
  pubName: 'Your Pub Name',
  address: 'Your Pub Address',
  date: 'Nov 28, 2024',
  time: '03:50:38 PM'
}
Order saved successfully: {
  items: [
    "O'Hara's Irish - €6.95",
    'Porterhouse Brewing - €7.35',
    'Harp Lager - €6.25',
    'Harp Lager - €6.25'
  ],
  total: '26.80',
  timestamp: '2024-11-28T18:50:38.434Z',
  paymentMethod: 'card',
  serverName: 'Server Name',
  pubName: 'Your Pub Name',
  address: 'Your Pub Address',
  date: 'Nov 28, 2024',
  time: '03:50:38 PM',
  orderId: 'ORDER-1011'
}
Incoming request: POST /saveOrder {
  items: [
    'Harp Lager - €6.25',
    'Wicklow Wolf Elevation - €7.00',
    "O'Hara's Irish - €6.95"
  ],
  total: '20.20',
  timestamp: '2024-11-28T18:50:56.633Z',
  paymentMethod: 'card',
  serverName: 'Server Name',
  pubName: 'Your Pub Name',
  address: 'Your Pub Address',
  date: 'Nov 28, 2024',
  time: '03:50:56 PM'
}
Received Order Data: {
  items: [
    'Harp Lager - €6.25',
    'Wicklow Wolf Elevation - €7.00',
    "O'Hara's Irish - €6.95"
  ],
  total: '20.20',
  timestamp: '2024-11-28T18:50:56.633Z',
  paymentMethod: 'card',
  serverName: 'Server Name',
  pubName: 'Your Pub Name',
  address: 'Your Pub Address',
  date: 'Nov 28, 2024',
  time: '03:50:56 PM'
}
Order saved successfully: {
  items: [
    'Harp Lager - €6.25',
    'Wicklow Wolf Elevation - €7.00',
    "O'Hara's Irish - €6.95"
  ],
  total: '20.20',
  timestamp: '2024-11-28T18:50:56.633Z',
  paymentMethod: 'card',
  serverName: 'Server Name',
  pubName: 'Your Pub Name',
  address: 'Your Pub Address',
  date: 'Nov 28, 2024',
  time: '03:50:56 PM',
  orderId: 'ORDER-1012'
}
